# JRE version: OpenJDK Runtime Environment Temurin-21.0.10+7 (21.0.10+7) (build 21.0.10+7-LTS)
# Java VM: OpenJDK 64-Bit Server VM Temurin-21.0.10+7 (21.0.10+7-LTS, mixed mode, sharing, tiered, compressed oops, compressed class ptrs, parallel gc, windows-amd64)
GC Precious Log:
 CardTable entry size: 512
 CPUs: 12 total, 12 available
 Memory: 16024M
 Large Page Support: Disabled
 NUMA Support: Disabled
 Compressed Oops: Enabled (32-bit)
 Alignments: Space 512K, Generation 512K, Heap 2M
 Heap Min Capacity: 100M
 Heap Initial Capacity: 100M
 Heap Max Capacity: 2G
 Pre-touch: Disabled
 Parallel Workers: 10
Heap:
 PSYoungGen      total 17920K, used 6793K [0x00000000d5580000, 0x00000000d6b80000, 0x0000000100000000)
  eden space 16384K, 32% used [0x00000000d5580000,0x00000000d5aaa5c8,0x00000000d6580000)
  from space 1536K, 97% used [0x00000000d6700000,0x00000000d6878010,0x00000000d6880000)
  to   space 2048K, 0% used [0x00000000d6980000,0x00000000d6980000,0x00000000d6b80000)
 ParOldGen       total 68608K, used 38914K [0x0000000080000000, 0x0000000084300000, 0x00000000d5580000)
  object space 68608K, 56% used [0x0000000080000000,0x0000000082600b20,0x0000000084300000)
 Metaspace       used 53371K, committed 54720K, reserved 1114112K
  class space    used 5901K, committed 6464K, reserved 1048576K
GC Heap History (20 events):
Event: 7.913 GC heap before
{Heap before GC invocations=21 (full 2):
 PSYoungGen      total 18944K, used 18492K [0x00000000d5580000, 0x00000000d6d00000, 0x0000000100000000)
  eden space 16384K, 100% used [0x00000000d5580000,0x00000000d6580000,0x00000000d6580000)
  from space 2560K, 82% used [0x00000000d6a80000,0x00000000d6c8f220,0x00000000d6d00000)
  to   space 2560K, 0% used [0x00000000d6800000,0x00000000d6800000,0x00000000d6a80000)
 ParOldGen       total 68608K, used 28187K [0x0000000080000000, 0x0000000084300000, 0x00000000d5580000)
  object space 68608K, 41% used [0x0000000080000000,0x0000000081b86c30,0x0000000084300000)
 Metaspace       used 45721K, committed 46976K, reserved 1114112K
  class space    used 5005K, committed 5568K, reserved 1048576K
}
Event: 7.915 GC heap after
{Heap after GC invocations=21 (full 2):
 PSYoungGen      total 17408K, used 672K [0x00000000d5580000, 0x00000000d6b00000, 0x0000000100000000)
  eden space 16384K, 0% used [0x00000000d5580000,0x00000000d5580000,0x00000000d6580000)
  from space 1024K, 65% used [0x00000000d6800000,0x00000000d68a8000,0x00000000d6900000)
  to   space 1536K, 0% used [0x00000000d6980000,0x00000000d6980000,0x00000000d6b00000)
 ParOldGen       total 68608K, used 29727K [0x0000000080000000, 0x0000000084300000, 0x00000000d5580000)
  object space 68608K, 43% used [0x0000000080000000,0x0000000081d07ec8,0x0000000084300000)
 Metaspace       used 45721K, committed 46976K, reserved 1114112K
  class space    used 5005K, committed 5568K, reserved 1048576K
}
Event: 8.173 GC heap before
{Heap before GC invocations=22 (full 2):
 PSYoungGen      total 17408K, used 17056K [0x00000000d5580000, 0x00000000d6b00000, 0x0000000100000000)
  eden space 16384K, 100% used [0x00000000d5580000,0x00000000d6580000,0x00000000d6580000)
  from space 1024K, 65% used [0x00000000d6800000,0x00000000d68a8000,0x00000000d6900000)
  to   space 1536K, 0% used [0x00000000d6980000,0x00000000d6980000,0x00000000d6b00000)
 ParOldGen       total 68608K, used 29727K [0x0000000080000000, 0x0000000084300000, 0x00000000d5580000)
  object space 68608K, 43% used [0x0000000080000000,0x0000000081d07ec8,0x0000000084300000)
 Metaspace       used 47449K, committed 48704K, reserved 1114112K
  class space    used 5231K, committed 5824K, reserved 1048576K
}
Event: 8.174 GC heap after
{Heap after GC invocations=22 (full 2):
 PSYoungGen      total 17408K, used 992K [0x00000000d5580000, 0x00000000d6a80000, 0x0000000100000000)
  eden space 16384K, 0% used [0x00000000d5580000,0x00000000d5580000,0x00000000d6580000)
  from space 1024K, 96% used [0x00000000d6980000,0x00000000d6a78000,0x00000000d6a80000)
  to   space 1536K, 0% used [0x00000000d6780000,0x00000000d6780000,0x00000000d6900000)
 ParOldGen       total 68608K, used 30231K [0x0000000080000000, 0x0000000084300000, 0x00000000d5580000)
  object space 68608K, 44% used [0x0000000080000000,0x0000000081d85ec8,0x0000000084300000)
 Metaspace       used 47449K, committed 48704K, reserved 1114112K
  class space    used 5231K, committed 5824K, reserved 1048576K
}
Event: 8.545 GC heap before
{Heap before GC invocations=23 (full 2):
 PSYoungGen      total 17408K, used 17376K [0x00000000d5580000, 0x00000000d6a80000, 0x0000000100000000)
  eden space 16384K, 100% used [0x00000000d5580000,0x00000000d6580000,0x00000000d6580000)
  from space 1024K, 96% used [0x00000000d6980000,0x00000000d6a78000,0x00000000d6a80000)
  to   space 1536K, 0% used [0x00000000d6780000,0x00000000d6780000,0x00000000d6900000)
 ParOldGen       total 68608K, used 30231K [0x0000000080000000, 0x0000000084300000, 0x00000000d5580000)
  object space 68608K, 44% used [0x0000000080000000,0x0000000081d85ec8,0x0000000084300000)
 Metaspace       used 49429K, committed 50688K, reserved 1114112K
  class space    used 5507K, committed 6080K, reserved 1048576K
}
Event: 8.547 GC heap after
{Heap after GC invocations=23 (full 2):
 PSYoungGen      total 17920K, used 1152K [0x00000000d5580000, 0x00000000d6a00000, 0x0000000100000000)
  eden space 16384K, 0% used [0x00000000d5580000,0x00000000d5580000,0x00000000d6580000)
  from space 1536K, 75% used [0x00000000d6780000,0x00000000d68a0000,0x00000000d6900000)
  to   space 1024K, 0% used [0x00000000d6900000,0x00000000d6900000,0x00000000d6a00000)
 ParOldGen       total 68608K, used 31062K [0x0000000080000000, 0x0000000084300000, 0x00000000d5580000)
  object space 68608K, 45% used [0x0000000080000000,0x0000000081e55bc8,0x0000000084300000)
 Metaspace       used 49429K, committed 50688K, reserved 1114112K
  class space    used 5507K, committed 6080K, reserved 1048576K
}
Event: 8.950 GC heap before
{Heap before GC invocations=24 (full 2):
 PSYoungGen      total 17920K, used 17536K [0x00000000d5580000, 0x00000000d6a00000, 0x0000000100000000)
  eden space 16384K, 100% used [0x00000000d5580000,0x00000000d6580000,0x00000000d6580000)
  from space 1536K, 75% used [0x00000000d6780000,0x00000000d68a0000,0x00000000d6900000)
  to   space 1024K, 0% used [0x00000000d6900000,0x00000000d6900000,0x00000000d6a00000)
 ParOldGen       total 68608K, used 31062K [0x0000000080000000, 0x0000000084300000, 0x00000000d5580000)
  object space 68608K, 45% used [0x0000000080000000,0x0000000081e55bc8,0x0000000084300000)
 Metaspace       used 51211K, committed 52480K, reserved 1114112K
  class space    used 5702K, committed 6272K, reserved 1048576K
}
Event: 8.952 GC heap after
{Heap after GC invocations=24 (full 2):
 PSYoungGen      total 17408K, used 1019K [0x00000000d5580000, 0x00000000d6a80000, 0x0000000100000000)
  eden space 16384K, 0% used [0x00000000d5580000,0x00000000d5580000,0x00000000d6580000)
  from space 1024K, 99% used [0x00000000d6900000,0x00000000d69feea8,0x00000000d6a00000)
  to   space 2560K, 0% used [0x00000000d6580000,0x00000000d6580000,0x00000000d6800000)
 ParOldGen       total 68608K, used 32054K [0x0000000080000000, 0x0000000084300000, 0x00000000d5580000)
  object space 68608K, 46% used [0x0000000080000000,0x0000000081f4dbc8,0x0000000084300000)
 Metaspace       used 51211K, committed 52480K, reserved 1114112K
  class space    used 5702K, committed 6272K, reserved 1048576K
}
Event: 9.841 GC heap before
{Heap before GC invocations=25 (full 2):
 PSYoungGen      total 17408K, used 17403K [0x00000000d5580000, 0x00000000d6a80000, 0x0000000100000000)
  eden space 16384K, 100% used [0x00000000d5580000,0x00000000d6580000,0x00000000d6580000)
  from space 1024K, 99% used [0x00000000d6900000,0x00000000d69feea8,0x00000000d6a00000)
  to   space 2560K, 0% used [0x00000000d6580000,0x00000000d6580000,0x00000000d6800000)
 ParOldGen       total 68608K, used 32054K [0x0000000080000000, 0x0000000084300000, 0x00000000d5580000)
  object space 68608K, 46% used [0x0000000080000000,0x0000000081f4dbc8,0x0000000084300000)
 Metaspace       used 51252K, committed 52544K, reserved 1114112K
  class space    used 5702K, committed 6272K, reserved 1048576K
}
Event: 9.843 GC heap after
{Heap after GC invocations=25 (full 2):
 PSYoungGen      total 18944K, used 96K [0x00000000d5580000, 0x00000000d6980000, 0x0000000100000000)
  eden space 16384K, 0% used [0x00000000d5580000,0x00000000d5580000,0x00000000d6580000)
  from space 2560K, 3% used [0x00000000d6580000,0x00000000d6598000,0x00000000d6800000)
  to   space 1024K, 0% used [0x00000000d6880000,0x00000000d6880000,0x00000000d6980000)
 ParOldGen       total 68608K, used 33041K [0x0000000080000000, 0x0000000084300000, 0x00000000d5580000)
  object space 68608K, 48% used [0x0000000080000000,0x0000000082044468,0x0000000084300000)
 Metaspace       used 51252K, committed 52544K, reserved 1114112K
  class space    used 5702K, committed 6272K, reserved 1048576K
}
Event: 10.196 GC heap before
{Heap before GC invocations=26 (full 2):
 PSYoungGen      total 18944K, used 16480K [0x00000000d5580000, 0x00000000d6980000, 0x0000000100000000)
  eden space 16384K, 100% used [0x00000000d5580000,0x00000000d6580000,0x00000000d6580000)
  from space 2560K, 3% used [0x00000000d6580000,0x00000000d6598000,0x00000000d6800000)
  to   space 1024K, 0% used [0x00000000d6880000,0x00000000d6880000,0x00000000d6980000)
 ParOldGen       total 68608K, used 33041K [0x0000000080000000, 0x0000000084300000, 0x00000000d5580000)
  object space 68608K, 48% used [0x0000000080000000,0x0000000082044468,0x0000000084300000)
 Metaspace       used 51259K, committed 52544K, reserved 1114112K
  class space    used 5702K, committed 6272K, reserved 1048576K
}
Event: 10.197 GC heap after
{Heap after GC invocations=26 (full 2):
 PSYoungGen      total 16896K, used 160K [0x00000000d5580000, 0x00000000d6900000, 0x0000000100000000)
  eden space 16384K, 0% used [0x00000000d5580000,0x00000000d5580000,0x00000000d6580000)
  from space 512K, 31% used [0x00000000d6880000,0x00000000d68a8000,0x00000000d6900000)
  to   space 512K, 0% used [0x00000000d6800000,0x00000000d6800000,0x00000000d6880000)
 ParOldGen       total 68608K, used 33073K [0x0000000080000000, 0x0000000084300000, 0x00000000d5580000)
  object space 68608K, 48% used [0x0000000080000000,0x000000008204c468,0x0000000084300000)
 Metaspace       used 51259K, committed 52544K, reserved 1114112K
  class space    used 5702K, committed 6272K, reserved 1048576K
}
Event: 10.607 GC heap before
{Heap before GC invocations=27 (full 2):
 PSYoungGen      total 16896K, used 16544K [0x00000000d5580000, 0x00000000d6900000, 0x0000000100000000)
  eden space 16384K, 100% used [0x00000000d5580000,0x00000000d6580000,0x00000000d6580000)
  from space 512K, 31% used [0x00000000d6880000,0x00000000d68a8000,0x00000000d6900000)
  to   space 512K, 0% used [0x00000000d6800000,0x00000000d6800000,0x00000000d6880000)
 ParOldGen       total 68608K, used 33073K [0x0000000080000000, 0x0000000084300000, 0x00000000d5580000)
  object space 68608K, 48% used [0x0000000080000000,0x000000008204c468,0x0000000084300000)
 Metaspace       used 51262K, committed 52544K, reserved 1114112K
  class space    used 5702K, committed 6272K, reserved 1048576K
}
Event: 10.608 GC heap after
{Heap after GC invocations=27 (full 2):
 PSYoungGen      total 16896K, used 256K [0x00000000d5580000, 0x00000000d6900000, 0x0000000100000000)
  eden space 16384K, 0% used [0x00000000d5580000,0x00000000d5580000,0x00000000d6580000)
  from space 512K, 50% used [0x00000000d6800000,0x00000000d6840000,0x00000000d6880000)
  to   space 512K, 0% used [0x00000000d6880000,0x00000000d6880000,0x00000000d6900000)
 ParOldGen       total 68608K, used 33089K [0x0000000080000000, 0x0000000084300000, 0x00000000d5580000)
  object space 68608K, 48% used [0x0000000080000000,0x0000000082050468,0x0000000084300000)
 Metaspace       used 51262K, committed 52544K, reserved 1114112K
  class space    used 5702K, committed 6272K, reserved 1048576K
}
Event: 11.061 GC heap before
{Heap before GC invocations=28 (full 2):
 PSYoungGen      total 16896K, used 16640K [0x00000000d5580000, 0x00000000d6900000, 0x0000000100000000)
  eden space 16384K, 100% used [0x00000000d5580000,0x00000000d6580000,0x00000000d6580000)
  from space 512K, 50% used [0x00000000d6800000,0x00000000d6840000,0x00000000d6880000)
  to   space 512K, 0% used [0x00000000d6880000,0x00000000d6880000,0x00000000d6900000)
 ParOldGen       total 68608K, used 33089K [0x0000000080000000, 0x0000000084300000, 0x00000000d5580000)
  object space 68608K, 48% used [0x0000000080000000,0x0000000082050468,0x0000000084300000)
 Metaspace       used 51454K, committed 52736K, reserved 1114112K
  class space    used 5721K, committed 6272K, reserved 1048576K
}
Event: 11.061 GC heap after
{Heap after GC invocations=28 (full 2):
 PSYoungGen      total 16896K, used 256K [0x00000000d5580000, 0x00000000d6900000, 0x0000000100000000)
  eden space 16384K, 0% used [0x00000000d5580000,0x00000000d5580000,0x00000000d6580000)
  from space 512K, 50% used [0x00000000d6880000,0x00000000d68c0000,0x00000000d6900000)
  to   space 512K, 0% used [0x00000000d6800000,0x00000000d6800000,0x00000000d6880000)
 ParOldGen       total 68608K, used 33113K [0x0000000080000000, 0x0000000084300000, 0x00000000d5580000)
  object space 68608K, 48% used [0x0000000080000000,0x0000000082056468,0x0000000084300000)
 Metaspace       used 51454K, committed 52736K, reserved 1114112K
  class space    used 5721K, committed 6272K, reserved 1048576K
}
Event: 11.282 GC heap before
{Heap before GC invocations=29 (full 2):
 PSYoungGen      total 16896K, used 16640K [0x00000000d5580000, 0x00000000d6900000, 0x0000000100000000)
  eden space 16384K, 100% used [0x00000000d5580000,0x00000000d6580000,0x00000000d6580000)
  from space 512K, 50% used [0x00000000d6880000,0x00000000d68c0000,0x00000000d6900000)
  to   space 512K, 0% used [0x00000000d6800000,0x00000000d6800000,0x00000000d6880000)
 ParOldGen       total 68608K, used 33120K [0x0000000080000000, 0x0000000084300000, 0x00000000d5580000)
  object space 68608K, 48% used [0x0000000080000000,0x00000000820582c8,0x0000000084300000)
 Metaspace       used 52709K, committed 53952K, reserved 1114112K
  class space    used 5856K, committed 6400K, reserved 1048576K
}
Event: 11.285 GC heap after
{Heap after GC invocations=29 (full 2):
 PSYoungGen      total 16896K, used 505K [0x00000000d5580000, 0x00000000d7080000, 0x0000000100000000)
  eden space 16384K, 0% used [0x00000000d5580000,0x00000000d5580000,0x00000000d6580000)
  from space 512K, 98% used [0x00000000d6800000,0x00000000d687e478,0x00000000d6880000)
  to   space 5632K, 0% used [0x00000000d6b00000,0x00000000d6b00000,0x00000000d7080000)
 ParOldGen       total 68608K, used 37175K [0x0000000080000000, 0x0000000084300000, 0x00000000d5580000)
  object space 68608K, 54% used [0x0000000080000000,0x000000008244dde0,0x0000000084300000)
 Metaspace       used 52709K, committed 53952K, reserved 1114112K
  class space    used 5856K, committed 6400K, reserved 1048576K
}
Event: 11.426 GC heap before
{Heap before GC invocations=30 (full 2):
 PSYoungGen      total 16896K, used 16889K [0x00000000d5580000, 0x00000000d7080000, 0x0000000100000000)
  eden space 16384K, 100% used [0x00000000d5580000,0x00000000d6580000,0x00000000d6580000)
  from space 512K, 98% used [0x00000000d6800000,0x00000000d687e478,0x00000000d6880000)
  to   space 5632K, 0% used [0x00000000d6b00000,0x00000000d6b00000,0x00000000d7080000)
 ParOldGen       total 68608K, used 37175K [0x0000000080000000, 0x0000000084300000, 0x00000000d5580000)
  object space 68608K, 54% used [0x0000000080000000,0x000000008244dde0,0x0000000084300000)
 Metaspace       used 53365K, committed 54720K, reserved 1114112K
  class space    used 5901K, committed 6464K, reserved 1048576K
}
Event: 11.429 GC heap after
{Heap after GC invocations=30 (full 2):
 PSYoungGen      total 18432K, used 1632K [0x00000000d5580000, 0x00000000d6d00000, 0x0000000100000000)
  eden space 16384K, 0% used [0x00000000d5580000,0x00000000d5580000,0x00000000d6580000)
  from space 2048K, 79% used [0x00000000d6b00000,0x00000000d6c98030,0x00000000d6d00000)
  to   space 3072K, 0% used [0x00000000d6700000,0x00000000d6700000,0x00000000d6a00000)
 ParOldGen       total 68608K, used 37461K [0x0000000080000000, 0x0000000084300000, 0x00000000d5580000)
  object space 68608K, 54% used [0x0000000080000000,0x0000000082495788,0x0000000084300000)
 Metaspace       used 53365K, committed 54720K, reserved 1114112K
  class space    used 5901K, committed 6464K, reserved 1048576K
}

