# JRE version: OpenJDK Runtime Environment Temurin-21.0.10+7 (21.0.10+7) (build 21.0.10+7-LTS)
# Java VM: OpenJDK 64-Bit Server VM Temurin-21.0.10+7 (21.0.10+7-LTS, mixed mode, sharing, tiered, compressed oops, compressed class ptrs, parallel gc, windows-amd64)
GC Precious Log:
 CardTable entry size: 512
 CPUs: 12 total, 12 available
 Memory: 16024M
 Large Page Support: Disabled
 NUMA Support: Disabled
 Compressed Oops: Enabled (32-bit)
 Alignments: Space 512K, Generation 512K, Heap 2M
 Heap Min Capacity: 100M
 Heap Initial Capacity: 100M
 Heap Max Capacity: 2G
 Pre-touch: Disabled
 Parallel Workers: 10
Heap:
 PSYoungGen      total 22016K, used 17213K [0x00000000d5580000, 0x00000000d6e80000, 0x0000000100000000)
  eden space 19456K, 83% used [0x00000000d5580000,0x00000000d65652d8,0x00000000d6880000)
  from space 2560K, 36% used [0x00000000d6a00000,0x00000000d6aea450,0x00000000d6c80000)
  to   space 1536K, 0% used [0x00000000d6d00000,0x00000000d6d00000,0x00000000d6e80000)
 ParOldGen       total 68608K, used 31049K [0x0000000080000000, 0x0000000084300000, 0x00000000d5580000)
  object space 68608K, 45% used [0x0000000080000000,0x0000000081e525c0,0x0000000084300000)
 Metaspace       used 43312K, committed 44480K, reserved 1114112K
  class space    used 4695K, committed 5248K, reserved 1048576K
GC Heap History (20 events):
Event: 5.430 GC heap before
{Heap before GC invocations=10 (full 1):
 PSYoungGen      total 27136K, used 26794K [0x00000000d5580000, 0x00000000d7580000, 0x0000000100000000)
  eden space 24064K, 100% used [0x00000000d5580000,0x00000000d6d00000,0x00000000d6d00000)
  from space 3072K, 88% used [0x00000000d7280000,0x00000000d752aa00,0x00000000d7580000)
  to   space 3584K, 0% used [0x00000000d6e80000,0x00000000d6e80000,0x00000000d7200000)
 ParOldGen       total 68608K, used 13323K [0x0000000080000000, 0x0000000084300000, 0x00000000d5580000)
  object space 68608K, 19% used [0x0000000080000000,0x0000000080d02ff0,0x0000000084300000)
 Metaspace       used 26317K, committed 27200K, reserved 1114112K
  class space    used 2658K, committed 3008K, reserved 1048576K
}
Event: 5.432 GC heap after
{Heap after GC invocations=10 (full 1):
 PSYoungGen      total 25088K, used 1413K [0x00000000d5580000, 0x00000000d7300000, 0x0000000100000000)
  eden space 23552K, 0% used [0x00000000d5580000,0x00000000d5580000,0x00000000d6c80000)
  from space 1536K, 92% used [0x00000000d6e80000,0x00000000d6fe1628,0x00000000d7000000)
  to   space 2048K, 0% used [0x00000000d7100000,0x00000000d7100000,0x00000000d7300000)
 ParOldGen       total 68608K, used 13331K [0x0000000080000000, 0x0000000084300000, 0x00000000d5580000)
  object space 68608K, 19% used [0x0000000080000000,0x0000000080d04ff0,0x0000000084300000)
 Metaspace       used 26317K, committed 27200K, reserved 1114112K
  class space    used 2658K, committed 3008K, reserved 1048576K
}
Event: 5.599 GC heap before
{Heap before GC invocations=11 (full 1):
 PSYoungGen      total 25088K, used 24965K [0x00000000d5580000, 0x00000000d7300000, 0x0000000100000000)
  eden space 23552K, 100% used [0x00000000d5580000,0x00000000d6c80000,0x00000000d6c80000)
  from space 1536K, 92% used [0x00000000d6e80000,0x00000000d6fe1628,0x00000000d7000000)
  to   space 2048K, 0% used [0x00000000d7100000,0x00000000d7100000,0x00000000d7300000)
 ParOldGen       total 68608K, used 13331K [0x0000000080000000, 0x0000000084300000, 0x00000000d5580000)
  object space 68608K, 19% used [0x0000000080000000,0x0000000080d04ff0,0x0000000084300000)
 Metaspace       used 28050K, committed 29056K, reserved 1114112K
  class space    used 2787K, committed 3200K, reserved 1048576K
}
Event: 5.601 GC heap after
{Heap after GC invocations=11 (full 1):
 PSYoungGen      total 25088K, used 1947K [0x00000000d5580000, 0x00000000d7300000, 0x0000000100000000)
  eden space 23040K, 0% used [0x00000000d5580000,0x00000000d5580000,0x00000000d6c00000)
  from space 2048K, 95% used [0x00000000d7100000,0x00000000d72e6da0,0x00000000d7300000)
  to   space 2560K, 0% used [0x00000000d6e00000,0x00000000d6e00000,0x00000000d7080000)
 ParOldGen       total 68608K, used 14953K [0x0000000080000000, 0x0000000084300000, 0x00000000d5580000)
  object space 68608K, 21% used [0x0000000080000000,0x0000000080e9a510,0x0000000084300000)
 Metaspace       used 28050K, committed 29056K, reserved 1114112K
  class space    used 2787K, committed 3200K, reserved 1048576K
}
Event: 5.934 GC heap before
{Heap before GC invocations=12 (full 1):
 PSYoungGen      total 25088K, used 24987K [0x00000000d5580000, 0x00000000d7300000, 0x0000000100000000)
  eden space 23040K, 100% used [0x00000000d5580000,0x00000000d6c00000,0x00000000d6c00000)
  from space 2048K, 95% used [0x00000000d7100000,0x00000000d72e6da0,0x00000000d7300000)
  to   space 2560K, 0% used [0x00000000d6e00000,0x00000000d6e00000,0x00000000d7080000)
 ParOldGen       total 68608K, used 14953K [0x0000000080000000, 0x0000000084300000, 0x00000000d5580000)
  object space 68608K, 21% used [0x0000000080000000,0x0000000080e9a510,0x0000000084300000)
 Metaspace       used 31254K, committed 32448K, reserved 1114112K
  class space    used 3128K, committed 3648K, reserved 1048576K
}
Event: 5.937 GC heap after
{Heap after GC invocations=12 (full 1):
 PSYoungGen      total 25088K, used 2527K [0x00000000d5580000, 0x00000000d7180000, 0x0000000100000000)
  eden space 22528K, 0% used [0x00000000d5580000,0x00000000d5580000,0x00000000d6b80000)
  from space 2560K, 98% used [0x00000000d6e00000,0x00000000d7077df0,0x00000000d7080000)
  to   space 1024K, 0% used [0x00000000d7080000,0x00000000d7080000,0x00000000d7180000)
 ParOldGen       total 68608K, used 16704K [0x0000000080000000, 0x0000000084300000, 0x00000000d5580000)
  object space 68608K, 24% used [0x0000000080000000,0x0000000081050250,0x0000000084300000)
 Metaspace       used 31254K, committed 32448K, reserved 1114112K
  class space    used 3128K, committed 3648K, reserved 1048576K
}
Event: 6.191 GC heap before
{Heap before GC invocations=13 (full 1):
 PSYoungGen      total 25088K, used 25055K [0x00000000d5580000, 0x00000000d7180000, 0x0000000100000000)
  eden space 22528K, 100% used [0x00000000d5580000,0x00000000d6b80000,0x00000000d6b80000)
  from space 2560K, 98% used [0x00000000d6e00000,0x00000000d7077df0,0x00000000d7080000)
  to   space 1024K, 0% used [0x00000000d7080000,0x00000000d7080000,0x00000000d7180000)
 ParOldGen       total 68608K, used 16704K [0x0000000080000000, 0x0000000084300000, 0x00000000d5580000)
  object space 68608K, 24% used [0x0000000080000000,0x0000000081050250,0x0000000084300000)
 Metaspace       used 33891K, committed 35008K, reserved 1114112K
  class space    used 3471K, committed 3968K, reserved 1048576K
}
Event: 6.194 GC heap after
{Heap after GC invocations=13 (full 1):
 PSYoungGen      total 23040K, used 1024K [0x00000000d5580000, 0x00000000d7400000, 0x0000000100000000)
  eden space 22016K, 0% used [0x00000000d5580000,0x00000000d5580000,0x00000000d6b00000)
  from space 1024K, 100% used [0x00000000d7080000,0x00000000d7180000,0x00000000d7180000)
  to   space 4608K, 0% used [0x00000000d6b00000,0x00000000d6b00000,0x00000000d6f80000)
 ParOldGen       total 68608K, used 19723K [0x0000000080000000, 0x0000000084300000, 0x00000000d5580000)
  object space 68608K, 28% used [0x0000000080000000,0x0000000081342cd8,0x0000000084300000)
 Metaspace       used 33891K, committed 35008K, reserved 1114112K
  class space    used 3471K, committed 3968K, reserved 1048576K
}
Event: 6.293 GC heap before
{Heap before GC invocations=14 (full 1):
 PSYoungGen      total 23040K, used 9478K [0x00000000d5580000, 0x00000000d7400000, 0x0000000100000000)
  eden space 22016K, 38% used [0x00000000d5580000,0x00000000d5dc1bd0,0x00000000d6b00000)
  from space 1024K, 100% used [0x00000000d7080000,0x00000000d7180000,0x00000000d7180000)
  to   space 4608K, 0% used [0x00000000d6b00000,0x00000000d6b00000,0x00000000d6f80000)
 ParOldGen       total 68608K, used 19723K [0x0000000080000000, 0x0000000084300000, 0x00000000d5580000)
  object space 68608K, 28% used [0x0000000080000000,0x0000000081342cd8,0x0000000084300000)
 Metaspace       used 34748K, committed 35840K, reserved 1114112K
  class space    used 3583K, committed 4096K, reserved 1048576K
}
Event: 6.295 GC heap after
{Heap after GC invocations=14 (full 1):
 PSYoungGen      total 23040K, used 608K [0x00000000d5580000, 0x00000000d7100000, 0x0000000100000000)
  eden space 22016K, 0% used [0x00000000d5580000,0x00000000d5580000,0x00000000d6b00000)
  from space 1024K, 59% used [0x00000000d6b00000,0x00000000d6b981d0,0x00000000d6c00000)
  to   space 2048K, 0% used [0x00000000d6f00000,0x00000000d6f00000,0x00000000d7100000)
 ParOldGen       total 68608K, used 20739K [0x0000000080000000, 0x0000000084300000, 0x00000000d5580000)
  object space 68608K, 30% used [0x0000000080000000,0x0000000081440ce8,0x0000000084300000)
 Metaspace       used 34748K, committed 35840K, reserved 1114112K
  class space    used 3583K, committed 4096K, reserved 1048576K
}
Event: 6.295 GC heap before
{Heap before GC invocations=15 (full 2):
 PSYoungGen      total 23040K, used 608K [0x00000000d5580000, 0x00000000d7100000, 0x0000000100000000)
  eden space 22016K, 0% used [0x00000000d5580000,0x00000000d5580000,0x00000000d6b00000)
  from space 1024K, 59% used [0x00000000d6b00000,0x00000000d6b981d0,0x00000000d6c00000)
  to   space 2048K, 0% used [0x00000000d6f00000,0x00000000d6f00000,0x00000000d7100000)
 ParOldGen       total 68608K, used 20739K [0x0000000080000000, 0x0000000084300000, 0x00000000d5580000)
  object space 68608K, 30% used [0x0000000080000000,0x0000000081440ce8,0x0000000084300000)
 Metaspace       used 34748K, committed 35840K, reserved 1114112K
  class space    used 3583K, committed 4096K, reserved 1048576K
}
Event: 6.322 GC heap after
{Heap after GC invocations=15 (full 2):
 PSYoungGen      total 23040K, used 0K [0x00000000d5580000, 0x00000000d7100000, 0x0000000100000000)
  eden space 22016K, 0% used [0x00000000d5580000,0x00000000d5580000,0x00000000d6b00000)
  from space 1024K, 0% used [0x00000000d6b00000,0x00000000d6b00000,0x00000000d6c00000)
  to   space 2048K, 0% used [0x00000000d6f00000,0x00000000d6f00000,0x00000000d7100000)
 ParOldGen       total 68608K, used 20191K [0x0000000080000000, 0x0000000084300000, 0x00000000d5580000)
  object space 68608K, 29% used [0x0000000080000000,0x00000000813b7f00,0x0000000084300000)
 Metaspace       used 34748K, committed 35840K, reserved 1114112K
  class space    used 3583K, committed 4096K, reserved 1048576K
}
Event: 6.512 GC heap before
{Heap before GC invocations=16 (full 2):
 PSYoungGen      total 23040K, used 22016K [0x00000000d5580000, 0x00000000d7100000, 0x0000000100000000)
  eden space 22016K, 100% used [0x00000000d5580000,0x00000000d6b00000,0x00000000d6b00000)
  from space 1024K, 0% used [0x00000000d6b00000,0x00000000d6b00000,0x00000000d6c00000)
  to   space 2048K, 0% used [0x00000000d6f00000,0x00000000d6f00000,0x00000000d7100000)
 ParOldGen       total 68608K, used 20191K [0x0000000080000000, 0x0000000084300000, 0x00000000d5580000)
  object space 68608K, 29% used [0x0000000080000000,0x00000000813b7f00,0x0000000084300000)
 Metaspace       used 36754K, committed 37952K, reserved 1114112K
  class space    used 3816K, committed 4352K, reserved 1048576K
}
Event: 6.516 GC heap after
{Heap after GC invocations=16 (full 2):
 PSYoungGen      total 21504K, used 2048K [0x00000000d5580000, 0x00000000d7800000, 0x0000000100000000)
  eden space 19456K, 0% used [0x00000000d5580000,0x00000000d5580000,0x00000000d6880000)
  from space 2048K, 100% used [0x00000000d6f00000,0x00000000d7100000,0x00000000d7100000)
  to   space 6656K, 0% used [0x00000000d6880000,0x00000000d6880000,0x00000000d6f00000)
 ParOldGen       total 68608K, used 23820K [0x0000000080000000, 0x0000000084300000, 0x00000000d5580000)
  object space 68608K, 34% used [0x0000000080000000,0x00000000817433f0,0x0000000084300000)
 Metaspace       used 36754K, committed 37952K, reserved 1114112K
  class space    used 3816K, committed 4352K, reserved 1048576K
}
Event: 6.786 GC heap before
{Heap before GC invocations=17 (full 2):
 PSYoungGen      total 21504K, used 21504K [0x00000000d5580000, 0x00000000d7800000, 0x0000000100000000)
  eden space 19456K, 100% used [0x00000000d5580000,0x00000000d6880000,0x00000000d6880000)
  from space 2048K, 100% used [0x00000000d6f00000,0x00000000d7100000,0x00000000d7100000)
  to   space 6656K, 0% used [0x00000000d6880000,0x00000000d6880000,0x00000000d6f00000)
 ParOldGen       total 68608K, used 23820K [0x0000000080000000, 0x0000000084300000, 0x00000000d5580000)
  object space 68608K, 34% used [0x0000000080000000,0x00000000817433f0,0x0000000084300000)
 Metaspace       used 38450K, committed 39680K, reserved 1114112K
  class space    used 4066K, committed 4608K, reserved 1048576K
}
Event: 6.790 GC heap after
{Heap after GC invocations=17 (full 2):
 PSYoungGen      total 24576K, used 4992K [0x00000000d5580000, 0x00000000d7380000, 0x0000000100000000)
  eden space 19456K, 0% used [0x00000000d5580000,0x00000000d5580000,0x00000000d6880000)
  from space 5120K, 97% used [0x00000000d6880000,0x00000000d6d60020,0x00000000d6d80000)
  to   space 5632K, 0% used [0x00000000d6e00000,0x00000000d6e00000,0x00000000d7380000)
 ParOldGen       total 68608K, used 25844K [0x0000000080000000, 0x0000000084300000, 0x00000000d5580000)
  object space 68608K, 37% used [0x0000000080000000,0x000000008193d3b0,0x0000000084300000)
 Metaspace       used 38450K, committed 39680K, reserved 1114112K
  class space    used 4066K, committed 4608K, reserved 1048576K
}
Event: 7.076 GC heap before
{Heap before GC invocations=18 (full 2):
 PSYoungGen      total 24576K, used 24448K [0x00000000d5580000, 0x00000000d7380000, 0x0000000100000000)
  eden space 19456K, 100% used [0x00000000d5580000,0x00000000d6880000,0x00000000d6880000)
  from space 5120K, 97% used [0x00000000d6880000,0x00000000d6d60020,0x00000000d6d80000)
  to   space 5632K, 0% used [0x00000000d6e00000,0x00000000d6e00000,0x00000000d7380000)
 ParOldGen       total 68608K, used 25844K [0x0000000080000000, 0x0000000084300000, 0x00000000d5580000)
  object space 68608K, 37% used [0x0000000080000000,0x000000008193d3b0,0x0000000084300000)
 Metaspace       used 39544K, committed 40832K, reserved 1114112K
  class space    used 4210K, committed 4800K, reserved 1048576K
}
Event: 7.082 GC heap after
{Heap after GC invocations=18 (full 2):
 PSYoungGen      total 20480K, used 608K [0x00000000d5580000, 0x00000000d6f00000, 0x0000000100000000)
  eden space 19456K, 0% used [0x00000000d5580000,0x00000000d5580000,0x00000000d6880000)
  from space 1024K, 59% used [0x00000000d6e00000,0x00000000d6e98000,0x00000000d6f00000)
  to   space 2560K, 0% used [0x00000000d6a00000,0x00000000d6a00000,0x00000000d6c80000)
 ParOldGen       total 68608K, used 30673K [0x0000000080000000, 0x0000000084300000, 0x00000000d5580000)
  object space 68608K, 44% used [0x0000000080000000,0x0000000081df45c0,0x0000000084300000)
 Metaspace       used 39544K, committed 40832K, reserved 1114112K
  class space    used 4210K, committed 4800K, reserved 1048576K
}
Event: 7.445 GC heap before
{Heap before GC invocations=19 (full 2):
 PSYoungGen      total 20480K, used 19990K [0x00000000d5580000, 0x00000000d6f00000, 0x0000000100000000)
  eden space 19456K, 99% used [0x00000000d5580000,0x00000000d686d988,0x00000000d6880000)
  from space 1024K, 59% used [0x00000000d6e00000,0x00000000d6e98000,0x00000000d6f00000)
  to   space 2560K, 0% used [0x00000000d6a00000,0x00000000d6a00000,0x00000000d6c80000)
 ParOldGen       total 68608K, used 30673K [0x0000000080000000, 0x0000000084300000, 0x00000000d5580000)
  object space 68608K, 44% used [0x0000000080000000,0x0000000081df45c0,0x0000000084300000)
 Metaspace       used 41407K, committed 42560K, reserved 1114112K
  class space    used 4449K, committed 4992K, reserved 1048576K
}
Event: 7.446 GC heap after
{Heap after GC invocations=19 (full 2):
 PSYoungGen      total 22016K, used 937K [0x00000000d5580000, 0x00000000d6e80000, 0x0000000100000000)
  eden space 19456K, 0% used [0x00000000d5580000,0x00000000d5580000,0x00000000d6880000)
  from space 2560K, 36% used [0x00000000d6a00000,0x00000000d6aea450,0x00000000d6c80000)
  to   space 1536K, 0% used [0x00000000d6d00000,0x00000000d6d00000,0x00000000d6e80000)
 ParOldGen       total 68608K, used 31049K [0x0000000080000000, 0x0000000084300000, 0x00000000d5580000)
  object space 68608K, 45% used [0x0000000080000000,0x0000000081e525c0,0x0000000084300000)
 Metaspace       used 41407K, committed 42560K, reserved 1114112K
  class space    used 4449K, committed 4992K, reserved 1048576K
}

