# JRE version: OpenJDK Runtime Environment Temurin-21.0.10+7 (21.0.10+7) (build 21.0.10+7-LTS)
# Java VM: OpenJDK 64-Bit Server VM Temurin-21.0.10+7 (21.0.10+7-LTS, mixed mode, sharing, tiered, compressed oops, compressed class ptrs, parallel gc, windows-amd64)
GC Precious Log:
 CardTable entry size: 512
 CPUs: 12 total, 12 available
 Memory: 16024M
 Large Page Support: Disabled
 NUMA Support: Disabled
 Compressed Oops: Enabled (32-bit)
 Alignments: Space 512K, Generation 512K, Heap 2M
 Heap Min Capacity: 100M
 Heap Initial Capacity: 100M
 Heap Max Capacity: 2G
 Pre-touch: Disabled
 Parallel Workers: 10
Heap:
 PSYoungGen      total 11776K, used 10071K [0x00000000d5580000, 0x00000000d6280000, 0x0000000100000000)
  eden space 10752K, 87% used [0x00000000d5580000,0x00000000d5eb74f8,0x00000000d6000000)
  from space 1024K, 61% used [0x00000000d6180000,0x00000000d621e8c8,0x00000000d6280000)
  to   space 1024K, 0% used [0x00000000d6080000,0x00000000d6080000,0x00000000d6180000)
 ParOldGen       total 81408K, used 71027K [0x0000000080000000, 0x0000000084f80000, 0x00000000d5580000)
  object space 81408K, 87% used [0x0000000080000000,0x000000008455cf30,0x0000000084f80000)
 Metaspace       used 64516K, committed 65984K, reserved 1114112K
  class space    used 6935K, committed 7552K, reserved 1048576K
GC Heap History (20 events):
Event: 9.215 GC heap before
{Heap before GC invocations=72 (full 3):
 PSYoungGen      total 11264K, used 10752K [0x00000000d5580000, 0x00000000d6500000, 0x0000000100000000)
  eden space 10752K, 100% used [0x00000000d5580000,0x00000000d6000000,0x00000000d6000000)
  from space 512K, 0% used [0x00000000d6480000,0x00000000d6480000,0x00000000d6500000)
  to   space 1536K, 0% used [0x00000000d6200000,0x00000000d6200000,0x00000000d6380000)
 ParOldGen       total 81408K, used 65730K [0x0000000080000000, 0x0000000084f80000, 0x00000000d5580000)
  object space 81408K, 80% used [0x0000000080000000,0x0000000084030a20,0x0000000084f80000)
 Metaspace       used 59032K, committed 60480K, reserved 1114112K
  class space    used 6365K, committed 6976K, reserved 1048576K
}
Event: 9.216 GC heap after
{Heap after GC invocations=72 (full 3):
 PSYoungGen      total 12288K, used 1514K [0x00000000d5580000, 0x00000000d6500000, 0x0000000100000000)
  eden space 10752K, 0% used [0x00000000d5580000,0x00000000d5580000,0x00000000d6000000)
  from space 1536K, 98% used [0x00000000d6200000,0x00000000d637a8a0,0x00000000d6380000)
  to   space 1536K, 0% used [0x00000000d6380000,0x00000000d6380000,0x00000000d6500000)
 ParOldGen       total 81408K, used 65738K [0x0000000080000000, 0x0000000084f80000, 0x00000000d5580000)
  object space 81408K, 80% used [0x0000000080000000,0x0000000084032a20,0x0000000084f80000)
 Metaspace       used 59032K, committed 60480K, reserved 1114112K
  class space    used 6365K, committed 6976K, reserved 1048576K
}
Event: 9.230 GC heap before
{Heap before GC invocations=73 (full 3):
 PSYoungGen      total 12288K, used 12266K [0x00000000d5580000, 0x00000000d6500000, 0x0000000100000000)
  eden space 10752K, 100% used [0x00000000d5580000,0x00000000d6000000,0x00000000d6000000)
  from space 1536K, 98% used [0x00000000d6200000,0x00000000d637a8a0,0x00000000d6380000)
  to   space 1536K, 0% used [0x00000000d6380000,0x00000000d6380000,0x00000000d6500000)
 ParOldGen       total 81408K, used 65738K [0x0000000080000000, 0x0000000084f80000, 0x00000000d5580000)
  object space 81408K, 80% used [0x0000000080000000,0x0000000084032a20,0x0000000084f80000)
 Metaspace       used 59046K, committed 60544K, reserved 1114112K
  class space    used 6365K, committed 6976K, reserved 1048576K
}
Event: 9.231 GC heap after
{Heap after GC invocations=73 (full 3):
 PSYoungGen      total 12288K, used 1221K [0x00000000d5580000, 0x00000000d6500000, 0x0000000100000000)
  eden space 10752K, 0% used [0x00000000d5580000,0x00000000d5580000,0x00000000d6000000)
  from space 1536K, 79% used [0x00000000d6380000,0x00000000d64b1420,0x00000000d6500000)
  to   space 1536K, 0% used [0x00000000d6200000,0x00000000d6200000,0x00000000d6380000)
 ParOldGen       total 81408K, used 66655K [0x0000000080000000, 0x0000000084f80000, 0x00000000d5580000)
  object space 81408K, 81% used [0x0000000080000000,0x0000000084117c28,0x0000000084f80000)
 Metaspace       used 59046K, committed 60544K, reserved 1114112K
  class space    used 6365K, committed 6976K, reserved 1048576K
}
Event: 9.244 GC heap before
{Heap before GC invocations=74 (full 3):
 PSYoungGen      total 12288K, used 11960K [0x00000000d5580000, 0x00000000d6500000, 0x0000000100000000)
  eden space 10752K, 99% used [0x00000000d5580000,0x00000000d5ffce98,0x00000000d6000000)
  from space 1536K, 79% used [0x00000000d6380000,0x00000000d64b1420,0x00000000d6500000)
  to   space 1536K, 0% used [0x00000000d6200000,0x00000000d6200000,0x00000000d6380000)
 ParOldGen       total 81408K, used 66655K [0x0000000080000000, 0x0000000084f80000, 0x00000000d5580000)
  object space 81408K, 81% used [0x0000000080000000,0x0000000084117c28,0x0000000084f80000)
 Metaspace       used 59050K, committed 60544K, reserved 1114112K
  class space    used 6365K, committed 6976K, reserved 1048576K
}
Event: 9.245 GC heap after
{Heap after GC invocations=74 (full 3):
 PSYoungGen      total 11264K, used 451K [0x00000000d5580000, 0x00000000d6400000, 0x0000000100000000)
  eden space 10752K, 0% used [0x00000000d5580000,0x00000000d5580000,0x00000000d6000000)
  from space 512K, 88% used [0x00000000d6200000,0x00000000d6270d00,0x00000000d6280000)
  to   space 1024K, 0% used [0x00000000d6300000,0x00000000d6300000,0x00000000d6400000)
 ParOldGen       total 81408K, used 66671K [0x0000000080000000, 0x0000000084f80000, 0x00000000d5580000)
  object space 81408K, 81% used [0x0000000080000000,0x000000008411bc28,0x0000000084f80000)
 Metaspace       used 59050K, committed 60544K, reserved 1114112K
  class space    used 6365K, committed 6976K, reserved 1048576K
}
Event: 9.272 GC heap before
{Heap before GC invocations=75 (full 3):
 PSYoungGen      total 11264K, used 11203K [0x00000000d5580000, 0x00000000d6400000, 0x0000000100000000)
  eden space 10752K, 100% used [0x00000000d5580000,0x00000000d6000000,0x00000000d6000000)
  from space 512K, 88% used [0x00000000d6200000,0x00000000d6270d00,0x00000000d6280000)
  to   space 1024K, 0% used [0x00000000d6300000,0x00000000d6300000,0x00000000d6400000)
 ParOldGen       total 81408K, used 66671K [0x0000000080000000, 0x0000000084f80000, 0x00000000d5580000)
  object space 81408K, 81% used [0x0000000080000000,0x000000008411bc28,0x0000000084f80000)
 Metaspace       used 59540K, committed 60992K, reserved 1114112K
  class space    used 6401K, committed 6976K, reserved 1048576K
}
Event: 9.274 GC heap after
{Heap after GC invocations=75 (full 3):
 PSYoungGen      total 11776K, used 544K [0x00000000d5580000, 0x00000000d6400000, 0x0000000100000000)
  eden space 10752K, 0% used [0x00000000d5580000,0x00000000d5580000,0x00000000d6000000)
  from space 1024K, 53% used [0x00000000d6300000,0x00000000d6388000,0x00000000d6400000)
  to   space 1024K, 0% used [0x00000000d6200000,0x00000000d6200000,0x00000000d6300000)
 ParOldGen       total 81408K, used 66679K [0x0000000080000000, 0x0000000084f80000, 0x00000000d5580000)
  object space 81408K, 81% used [0x0000000080000000,0x000000008411dc28,0x0000000084f80000)
 Metaspace       used 59540K, committed 60992K, reserved 1114112K
  class space    used 6401K, committed 6976K, reserved 1048576K
}
Event: 9.335 GC heap before
{Heap before GC invocations=76 (full 3):
 PSYoungGen      total 11776K, used 11296K [0x00000000d5580000, 0x00000000d6400000, 0x0000000100000000)
  eden space 10752K, 100% used [0x00000000d5580000,0x00000000d6000000,0x00000000d6000000)
  from space 1024K, 53% used [0x00000000d6300000,0x00000000d6388000,0x00000000d6400000)
  to   space 1024K, 0% used [0x00000000d6200000,0x00000000d6200000,0x00000000d6300000)
 ParOldGen       total 81408K, used 66679K [0x0000000080000000, 0x0000000084f80000, 0x00000000d5580000)
  object space 81408K, 81% used [0x0000000080000000,0x000000008411dc28,0x0000000084f80000)
 Metaspace       used 60741K, committed 62144K, reserved 1114112K
  class space    used 6520K, committed 7104K, reserved 1048576K
}
Event: 9.337 GC heap after
{Heap after GC invocations=76 (full 3):
 PSYoungGen      total 11776K, used 672K [0x00000000d5580000, 0x00000000d6380000, 0x0000000100000000)
  eden space 10752K, 0% used [0x00000000d5580000,0x00000000d5580000,0x00000000d6000000)
  from space 1024K, 65% used [0x00000000d6200000,0x00000000d62a8000,0x00000000d6300000)
  to   space 512K, 0% used [0x00000000d6300000,0x00000000d6300000,0x00000000d6380000)
 ParOldGen       total 81408K, used 67049K [0x0000000080000000, 0x0000000084f80000, 0x00000000d5580000)
  object space 81408K, 82% used [0x0000000080000000,0x000000008417a5b8,0x0000000084f80000)
 Metaspace       used 60741K, committed 62144K, reserved 1114112K
  class space    used 6520K, committed 7104K, reserved 1048576K
}
Event: 9.448 GC heap before
{Heap before GC invocations=77 (full 3):
 PSYoungGen      total 11776K, used 11424K [0x00000000d5580000, 0x00000000d6380000, 0x0000000100000000)
  eden space 10752K, 100% used [0x00000000d5580000,0x00000000d6000000,0x00000000d6000000)
  from space 1024K, 65% used [0x00000000d6200000,0x00000000d62a8000,0x00000000d6300000)
  to   space 512K, 0% used [0x00000000d6300000,0x00000000d6300000,0x00000000d6380000)
 ParOldGen       total 81408K, used 67049K [0x0000000080000000, 0x0000000084f80000, 0x00000000d5580000)
  object space 81408K, 82% used [0x0000000080000000,0x000000008417a5b8,0x0000000084f80000)
 Metaspace       used 61297K, committed 62720K, reserved 1114112K
  class space    used 6590K, committed 7232K, reserved 1048576K
}
Event: 9.449 GC heap after
{Heap after GC invocations=77 (full 3):
 PSYoungGen      total 11264K, used 480K [0x00000000d5580000, 0x00000000d6400000, 0x0000000100000000)
  eden space 10752K, 0% used [0x00000000d5580000,0x00000000d5580000,0x00000000d6000000)
  from space 512K, 93% used [0x00000000d6300000,0x00000000d6378020,0x00000000d6380000)
  to   space 2048K, 0% used [0x00000000d6000000,0x00000000d6000000,0x00000000d6200000)
 ParOldGen       total 81408K, used 68005K [0x0000000080000000, 0x0000000084f80000, 0x00000000d5580000)
  object space 81408K, 83% used [0x0000000080000000,0x0000000084269718,0x0000000084f80000)
 Metaspace       used 61297K, committed 62720K, reserved 1114112K
  class space    used 6590K, committed 7232K, reserved 1048576K
}
Event: 9.604 GC heap before
{Heap before GC invocations=78 (full 3):
 PSYoungGen      total 11264K, used 11232K [0x00000000d5580000, 0x00000000d6400000, 0x0000000100000000)
  eden space 10752K, 100% used [0x00000000d5580000,0x00000000d6000000,0x00000000d6000000)
  from space 512K, 93% used [0x00000000d6300000,0x00000000d6378020,0x00000000d6380000)
  to   space 2048K, 0% used [0x00000000d6000000,0x00000000d6000000,0x00000000d6200000)
 ParOldGen       total 81408K, used 68005K [0x0000000080000000, 0x0000000084f80000, 0x00000000d5580000)
  object space 81408K, 83% used [0x0000000080000000,0x0000000084269718,0x0000000084f80000)
 Metaspace       used 62276K, committed 63744K, reserved 1114112K
  class space    used 6711K, committed 7360K, reserved 1048576K
}
Event: 9.605 GC heap after
{Heap after GC invocations=78 (full 3):
 PSYoungGen      total 12800K, used 1184K [0x00000000d5580000, 0x00000000d6380000, 0x0000000100000000)
  eden space 10752K, 0% used [0x00000000d5580000,0x00000000d5580000,0x00000000d6000000)
  from space 2048K, 57% used [0x00000000d6000000,0x00000000d6128000,0x00000000d6200000)
  to   space 1536K, 0% used [0x00000000d6200000,0x00000000d6200000,0x00000000d6380000)
 ParOldGen       total 81408K, used 68516K [0x0000000080000000, 0x0000000084f80000, 0x00000000d5580000)
  object space 81408K, 84% used [0x0000000080000000,0x00000000842e91e0,0x0000000084f80000)
 Metaspace       used 62276K, committed 63744K, reserved 1114112K
  class space    used 6711K, committed 7360K, reserved 1048576K
}
Event: 9.710 GC heap before
{Heap before GC invocations=79 (full 3):
 PSYoungGen      total 12800K, used 11936K [0x00000000d5580000, 0x00000000d6380000, 0x0000000100000000)
  eden space 10752K, 100% used [0x00000000d5580000,0x00000000d6000000,0x00000000d6000000)
  from space 2048K, 57% used [0x00000000d6000000,0x00000000d6128000,0x00000000d6200000)
  to   space 1536K, 0% used [0x00000000d6200000,0x00000000d6200000,0x00000000d6380000)
 ParOldGen       total 81408K, used 68516K [0x0000000080000000, 0x0000000084f80000, 0x00000000d5580000)
  object space 81408K, 84% used [0x0000000080000000,0x00000000842e91e0,0x0000000084f80000)
 Metaspace       used 62795K, committed 64256K, reserved 1114112K
  class space    used 6764K, committed 7360K, reserved 1048576K
}
Event: 9.711 GC heap after
{Heap after GC invocations=79 (full 3):
 PSYoungGen      total 12288K, used 1312K [0x00000000d5580000, 0x00000000d6380000, 0x0000000100000000)
  eden space 10752K, 0% used [0x00000000d5580000,0x00000000d5580000,0x00000000d6000000)
  from space 1536K, 85% used [0x00000000d6200000,0x00000000d6348000,0x00000000d6380000)
  to   space 1536K, 0% used [0x00000000d6080000,0x00000000d6080000,0x00000000d6200000)
 ParOldGen       total 81408K, used 69523K [0x0000000080000000, 0x0000000084f80000, 0x00000000d5580000)
  object space 81408K, 85% used [0x0000000080000000,0x00000000843e4db0,0x0000000084f80000)
 Metaspace       used 62795K, committed 64256K, reserved 1114112K
  class space    used 6764K, committed 7360K, reserved 1048576K
}
Event: 9.755 GC heap before
{Heap before GC invocations=80 (full 3):
 PSYoungGen      total 12288K, used 12064K [0x00000000d5580000, 0x00000000d6380000, 0x0000000100000000)
  eden space 10752K, 100% used [0x00000000d5580000,0x00000000d6000000,0x00000000d6000000)
  from space 1536K, 85% used [0x00000000d6200000,0x00000000d6348000,0x00000000d6380000)
  to   space 1536K, 0% used [0x00000000d6080000,0x00000000d6080000,0x00000000d6200000)
 ParOldGen       total 81408K, used 69523K [0x0000000080000000, 0x0000000084f80000, 0x00000000d5580000)
  object space 81408K, 85% used [0x0000000080000000,0x00000000843e4db0,0x0000000084f80000)
 Metaspace       used 63040K, committed 64512K, reserved 1114112K
  class space    used 6796K, committed 7424K, reserved 1048576K
}
Event: 9.756 GC heap after
{Heap after GC invocations=80 (full 3):
 PSYoungGen      total 11776K, used 800K [0x00000000d5580000, 0x00000000d6280000, 0x0000000100000000)
  eden space 10752K, 0% used [0x00000000d5580000,0x00000000d5580000,0x00000000d6000000)
  from space 1024K, 78% used [0x00000000d6080000,0x00000000d6148000,0x00000000d6180000)
  to   space 1024K, 0% used [0x00000000d6180000,0x00000000d6180000,0x00000000d6280000)
 ParOldGen       total 81408K, used 70451K [0x0000000080000000, 0x0000000084f80000, 0x00000000d5580000)
  object space 81408K, 86% used [0x0000000080000000,0x00000000844ccf30,0x0000000084f80000)
 Metaspace       used 63040K, committed 64512K, reserved 1114112K
  class space    used 6796K, committed 7424K, reserved 1048576K
}
Event: 30.973 GC heap before
{Heap before GC invocations=81 (full 3):
 PSYoungGen      total 11776K, used 11552K [0x00000000d5580000, 0x00000000d6280000, 0x0000000100000000)
  eden space 10752K, 100% used [0x00000000d5580000,0x00000000d6000000,0x00000000d6000000)
  from space 1024K, 78% used [0x00000000d6080000,0x00000000d6148000,0x00000000d6180000)
  to   space 1024K, 0% used [0x00000000d6180000,0x00000000d6180000,0x00000000d6280000)
 ParOldGen       total 81408K, used 70451K [0x0000000080000000, 0x0000000084f80000, 0x00000000d5580000)
  object space 81408K, 86% used [0x0000000080000000,0x00000000844ccf30,0x0000000084f80000)
 Metaspace       used 63887K, committed 65408K, reserved 1114112K
  class space    used 6886K, committed 7552K, reserved 1048576K
}
Event: 30.974 GC heap after
{Heap after GC invocations=81 (full 3):
 PSYoungGen      total 11776K, used 634K [0x00000000d5580000, 0x00000000d6280000, 0x0000000100000000)
  eden space 10752K, 0% used [0x00000000d5580000,0x00000000d5580000,0x00000000d6000000)
  from space 1024K, 61% used [0x00000000d6180000,0x00000000d621e8c8,0x00000000d6280000)
  to   space 1024K, 0% used [0x00000000d6080000,0x00000000d6080000,0x00000000d6180000)
 ParOldGen       total 81408K, used 71027K [0x0000000080000000, 0x0000000084f80000, 0x00000000d5580000)
  object space 81408K, 87% used [0x0000000080000000,0x000000008455cf30,0x0000000084f80000)
 Metaspace       used 63887K, committed 65408K, reserved 1114112K
  class space    used 6886K, committed 7552K, reserved 1048576K
}

